<?xml version="1.0" encoding="UTF-8"?>
<<<<<<< HEAD
<testsuite xmlns:xsi="http://www.w3.org/2001/XMLSchema-instance" xsi:noNamespaceSchemaLocation="https://maven.apache.org/surefire/maven-surefire-plugin/xsd/surefire-test-report-3.0.xsd" version="3.0" name="com.example.stylish.StyLiShApplicationTests" time="1.28" tests="1" errors="0" skipped="0" failures="0">
=======
<testsuite xmlns:xsi="http://www.w3.org/2001/XMLSchema-instance" xsi:noNamespaceSchemaLocation="https://maven.apache.org/surefire/maven-surefire-plugin/xsd/surefire-test-report-3.0.xsd" version="3.0" name="com.example.stylish.StyLiShApplicationTests" time="6.249" tests="1" errors="0" skipped="0" failures="0">
>>>>>>> week_2_part_5
  <properties>
    <property name="java.specification.version" value="17"/>
    <property name="sun.jnu.encoding" value="UTF-8"/>
    <property name="java.class.path" value="/Users/cycevelyn/Desktop/appworks/Back-End-Class-Tech-Academy/stylish/STYLiSH/target/test-classes:/Users/cycevelyn/Desktop/appworks/Back-End-Class-Tech-Academy/stylish/STYLiSH/target/classes:/Users/cycevelyn/.m2/repository/org/springframework/boot/spring-boot-starter-data-redis/3.2.2/spring-boot-starter-data-redis-3.2.2.jar:/Users/cycevelyn/.m2/repository/org/springframework/boot/spring-boot-starter/3.3.2/spring-boot-starter-3.3.2.jar:/Users/cycevelyn/.m2/repository/org/springframework/boot/spring-boot/3.3.2/spring-boot-3.3.2.jar:/Users/cycevelyn/.m2/repository/org/springframework/boot/spring-boot-autoconfigure/3.3.2/spring-boot-autoconfigure-3.3.2.jar:/Users/cycevelyn/.m2/repository/org/springframework/boot/spring-boot-starter-logging/3.3.2/spring-boot-starter-logging-3.3.2.jar:/Users/cycevelyn/.m2/repository/ch/qos/logback/logback-classic/1.5.6/logback-classic-1.5.6.jar:/Users/cycevelyn/.m2/repository/ch/qos/logback/logback-core/1.5.6/logback-core-1.5.6.jar:/Users/cycevelyn/.m2/repository/org/apache/logging/log4j/log4j-to-slf4j/2.23.1/log4j-to-slf4j-2.23.1.jar:/Users/cycevelyn/.m2/repository/org/apache/logging/log4j/log4j-api/2.23.1/log4j-api-2.23.1.jar:/Users/cycevelyn/.m2/repository/org/slf4j/jul-to-slf4j/2.0.13/jul-to-slf4j-2.0.13.jar:/Users/cycevelyn/.m2/repository/jakarta/annotation/jakarta.annotation-api/2.1.1/jakarta.annotation-api-2.1.1.jar:/Users/cycevelyn/.m2/repository/org/yaml/snakeyaml/2.2/snakeyaml-2.2.jar:/Users/cycevelyn/.m2/repository/io/lettuce/lettuce-core/6.3.2.RELEASE/lettuce-core-6.3.2.RELEASE.jar:/Users/cycevelyn/.m2/repository/io/netty/netty-common/4.1.111.Final/netty-common-4.1.111.Final.jar:/Users/cycevelyn/.m2/repository/io/netty/netty-handler/4.1.111.Final/netty-handler-4.1.111.Final.jar:/Users/cycevelyn/.m2/repository/io/netty/netty-resolver/4.1.111.Final/netty-resolver-4.1.111.Final.jar:/Users/cycevelyn/.m2/repository/io/netty/netty-buffer/4.1.111.Final/netty-buffer-4.1.111.Final.jar:/Users/cycevelyn/.m2/repository/io/netty/netty-transport-native-unix-common/4.1.111.Final/netty-transport-native-unix-common-4.1.111.Final.jar:/Users/cycevelyn/.m2/repository/io/netty/netty-codec/4.1.111.Final/netty-codec-4.1.111.Final.jar:/Users/cycevelyn/.m2/repository/io/netty/netty-transport/4.1.111.Final/netty-transport-4.1.111.Final.jar:/Users/cycevelyn/.m2/repository/io/projectreactor/reactor-core/3.6.8/reactor-core-3.6.8.jar:/Users/cycevelyn/.m2/repository/org/reactivestreams/reactive-streams/1.0.4/reactive-streams-1.0.4.jar:/Users/cycevelyn/.m2/repository/org/springframework/data/spring-data-redis/3.3.2/spring-data-redis-3.3.2.jar:/Users/cycevelyn/.m2/repository/org/springframework/data/spring-data-keyvalue/3.3.2/spring-data-keyvalue-3.3.2.jar:/Users/cycevelyn/.m2/repository/org/springframework/data/spring-data-commons/3.3.2/spring-data-commons-3.3.2.jar:/Users/cycevelyn/.m2/repository/org/springframework/spring-tx/6.1.11/spring-tx-6.1.11.jar:/Users/cycevelyn/.m2/repository/org/springframework/spring-oxm/6.1.11/spring-oxm-6.1.11.jar:/Users/cycevelyn/.m2/repository/org/springframework/spring-context-support/6.1.11/spring-context-support-6.1.11.jar:/Users/cycevelyn/.m2/repository/org/slf4j/slf4j-api/2.0.13/slf4j-api-2.0.13.jar:/Users/cycevelyn/.m2/repository/jakarta/xml/bind/jakarta.xml.bind-api/4.0.2/jakarta.xml.bind-api-4.0.2.jar:/Users/cycevelyn/.m2/repository/jakarta/activation/jakarta.activation-api/2.1.3/jakarta.activation-api-2.1.3.jar:/Users/cycevelyn/.m2/repository/org/glassfish/jaxb/jaxb-runtime/3.0.2/jaxb-runtime-3.0.2.jar:/Users/cycevelyn/.m2/repository/com/sun/activation/jakarta.activation/2.0.1/jakarta.activation-2.0.1.jar:/Users/cycevelyn/.m2/repository/org/glassfish/jaxb/jaxb-core/4.0.5/jaxb-core-4.0.5.jar:/Users/cycevelyn/.m2/repository/org/eclipse/angus/angus-activation/2.0.2/angus-activation-2.0.2.jar:/Users/cycevelyn/.m2/repository/org/glassfish/jaxb/txw2/4.0.5/txw2-4.0.5.jar:/Users/cycevelyn/.m2/repository/com/sun/istack/istack-commons-runtime/4.1.2/istack-commons-runtime-4.1.2.jar:/Users/cycevelyn/.m2/repository/org/springframework/boot/spring-boot-starter-web/3.3.2/spring-boot-starter-web-3.3.2.jar:/Users/cycevelyn/.m2/repository/org/springframework/boot/spring-boot-starter-json/3.3.2/spring-boot-starter-json-3.3.2.jar:/Users/cycevelyn/.m2/repository/com/fasterxml/jackson/datatype/jackson-datatype-jdk8/2.17.2/jackson-datatype-jdk8-2.17.2.jar:/Users/cycevelyn/.m2/repository/com/fasterxml/jackson/datatype/jackson-datatype-jsr310/2.17.2/jackson-datatype-jsr310-2.17.2.jar:/Users/cycevelyn/.m2/repository/com/fasterxml/jackson/module/jackson-module-parameter-names/2.17.2/jackson-module-parameter-names-2.17.2.jar:/Users/cycevelyn/.m2/repository/org/springframework/boot/spring-boot-starter-tomcat/3.3.2/spring-boot-starter-tomcat-3.3.2.jar:/Users/cycevelyn/.m2/repository/org/apache/tomcat/embed/tomcat-embed-core/10.1.26/tomcat-embed-core-10.1.26.jar:/Users/cycevelyn/.m2/repository/org/apache/tomcat/embed/tomcat-embed-el/10.1.26/tomcat-embed-el-10.1.26.jar:/Users/cycevelyn/.m2/repository/org/apache/tomcat/embed/tomcat-embed-websocket/10.1.26/tomcat-embed-websocket-10.1.26.jar:/Users/cycevelyn/.m2/repository/org/springframework/spring-web/6.1.11/spring-web-6.1.11.jar:/Users/cycevelyn/.m2/repository/org/springframework/spring-beans/6.1.11/spring-beans-6.1.11.jar:/Users/cycevelyn/.m2/repository/io/micrometer/micrometer-observation/1.13.2/micrometer-observation-1.13.2.jar:/Users/cycevelyn/.m2/repository/io/micrometer/micrometer-commons/1.13.2/micrometer-commons-1.13.2.jar:/Users/cycevelyn/.m2/repository/org/springframework/spring-webmvc/6.1.11/spring-webmvc-6.1.11.jar:/Users/cycevelyn/.m2/repository/org/springframework/spring-context/6.1.11/spring-context-6.1.11.jar:/Users/cycevelyn/.m2/repository/org/springframework/spring-expression/6.1.11/spring-expression-6.1.11.jar:/Users/cycevelyn/.m2/repository/org/springframework/boot/spring-boot-starter-jdbc/3.3.2/spring-boot-starter-jdbc-3.3.2.jar:/Users/cycevelyn/.m2/repository/com/zaxxer/HikariCP/5.1.0/HikariCP-5.1.0.jar:/Users/cycevelyn/.m2/repository/org/springframework/spring-jdbc/6.1.11/spring-jdbc-6.1.11.jar:/Users/cycevelyn/.m2/repository/com/mysql/mysql-connector-j/8.3.0/mysql-connector-j-8.3.0.jar:/Users/cycevelyn/.m2/repository/com/microsoft/sqlserver/mssql-jdbc/12.6.3.jre11/mssql-jdbc-12.6.3.jre11.jar:/Users/cycevelyn/.m2/repository/org/springframework/boot/spring-boot-starter-security/3.3.2/spring-boot-starter-security-3.3.2.jar:/Users/cycevelyn/.m2/repository/org/springframework/spring-aop/6.1.11/spring-aop-6.1.11.jar:/Users/cycevelyn/.m2/repository/org/springframework/security/spring-security-config/6.3.1/spring-security-config-6.3.1.jar:/Users/cycevelyn/.m2/repository/org/springframework/security/spring-security-core/6.3.1/spring-security-core-6.3.1.jar:/Users/cycevelyn/.m2/repository/org/springframework/security/spring-security-crypto/6.3.1/spring-security-crypto-6.3.1.jar:/Users/cycevelyn/.m2/repository/org/springframework/security/spring-security-web/6.3.1/spring-security-web-6.3.1.jar:/Users/cycevelyn/.m2/repository/io/jsonwebtoken/jjwt-api/0.11.5/jjwt-api-0.11.5.jar:/Users/cycevelyn/.m2/repository/io/jsonwebtoken/jjwt-impl/0.11.5/jjwt-impl-0.11.5.jar:/Users/cycevelyn/.m2/repository/io/jsonwebtoken/jjwt-jackson/0.11.5/jjwt-jackson-0.11.5.jar:/Users/cycevelyn/.m2/repository/com/fasterxml/jackson/core/jackson-databind/2.14.2/jackson-databind-2.14.2.jar:/Users/cycevelyn/.m2/repository/com/fasterxml/jackson/core/jackson-annotations/2.17.2/jackson-annotations-2.17.2.jar:/Users/cycevelyn/.m2/repository/com/fasterxml/jackson/core/jackson-core/2.17.2/jackson-core-2.17.2.jar:/Users/cycevelyn/.m2/repository/org/springframework/boot/spring-boot-starter-test/3.3.2/spring-boot-starter-test-3.3.2.jar:/Users/cycevelyn/.m2/repository/org/springframework/boot/spring-boot-test/3.3.2/spring-boot-test-3.3.2.jar:/Users/cycevelyn/.m2/repository/org/springframework/boot/spring-boot-test-autoconfigure/3.3.2/spring-boot-test-autoconfigure-3.3.2.jar:/Users/cycevelyn/.m2/repository/com/jayway/jsonpath/json-path/2.9.0/json-path-2.9.0.jar:/Users/cycevelyn/.m2/repository/net/minidev/json-smart/2.5.1/json-smart-2.5.1.jar:/Users/cycevelyn/.m2/repository/net/minidev/accessors-smart/2.5.1/accessors-smart-2.5.1.jar:/Users/cycevelyn/.m2/repository/org/ow2/asm/asm/9.6/asm-9.6.jar:/Users/cycevelyn/.m2/repository/org/assertj/assertj-core/3.25.3/assertj-core-3.25.3.jar:/Users/cycevelyn/.m2/repository/net/bytebuddy/byte-buddy/1.14.18/byte-buddy-1.14.18.jar:/Users/cycevelyn/.m2/repository/org/awaitility/awaitility/4.2.1/awaitility-4.2.1.jar:/Users/cycevelyn/.m2/repository/org/hamcrest/hamcrest/2.2/hamcrest-2.2.jar:/Users/cycevelyn/.m2/repository/org/junit/jupiter/junit-jupiter/5.10.3/junit-jupiter-5.10.3.jar:/Users/cycevelyn/.m2/repository/org/junit/jupiter/junit-jupiter-api/5.10.3/junit-jupiter-api-5.10.3.jar:/Users/cycevelyn/.m2/repository/org/opentest4j/opentest4j/1.3.0/opentest4j-1.3.0.jar:/Users/cycevelyn/.m2/repository/org/junit/platform/junit-platform-commons/1.10.3/junit-platform-commons-1.10.3.jar:/Users/cycevelyn/.m2/repository/org/apiguardian/apiguardian-api/1.1.2/apiguardian-api-1.1.2.jar:/Users/cycevelyn/.m2/repository/org/junit/jupiter/junit-jupiter-params/5.10.3/junit-jupiter-params-5.10.3.jar:/Users/cycevelyn/.m2/repository/org/junit/jupiter/junit-jupiter-engine/5.10.3/junit-jupiter-engine-5.10.3.jar:/Users/cycevelyn/.m2/repository/org/junit/platform/junit-platform-engine/1.10.3/junit-platform-engine-1.10.3.jar:/Users/cycevelyn/.m2/repository/org/mockito/mockito-core/5.11.0/mockito-core-5.11.0.jar:/Users/cycevelyn/.m2/repository/net/bytebuddy/byte-buddy-agent/1.14.18/byte-buddy-agent-1.14.18.jar:/Users/cycevelyn/.m2/repository/org/objenesis/objenesis/3.3/objenesis-3.3.jar:/Users/cycevelyn/.m2/repository/org/mockito/mockito-junit-jupiter/5.11.0/mockito-junit-jupiter-5.11.0.jar:/Users/cycevelyn/.m2/repository/org/skyscreamer/jsonassert/1.5.3/jsonassert-1.5.3.jar:/Users/cycevelyn/.m2/repository/com/vaadin/external/google/android-json/0.0.20131108.vaadin1/android-json-0.0.20131108.vaadin1.jar:/Users/cycevelyn/.m2/repository/org/springframework/spring-core/6.1.11/spring-core-6.1.11.jar:/Users/cycevelyn/.m2/repository/org/springframework/spring-jcl/6.1.11/spring-jcl-6.1.11.jar:/Users/cycevelyn/.m2/repository/org/springframework/spring-test/6.1.11/spring-test-6.1.11.jar:/Users/cycevelyn/.m2/repository/org/xmlunit/xmlunit-core/2.9.1/xmlunit-core-2.9.1.jar:"/>
    <property name="java.vm.vendor" value="Amazon.com Inc."/>
    <property name="sun.arch.data.model" value="64"/>
    <property name="java.vendor.url" value="https://aws.amazon.com/corretto/"/>
    <property name="user.timezone" value="Asia/Taipei"/>
    <property name="os.name" value="Mac OS X"/>
    <property name="java.vm.specification.version" value="17"/>
    <property name="sun.java.launcher" value="SUN_STANDARD"/>
    <property name="user.country" value="TW"/>
<<<<<<< HEAD
    <property name="sun.boot.library.path" value="/Users/cycevelyn/Library/Java/JavaVirtualMachines/corretto-17.0.12/Contents/Home/lib"/>
    <property name="sun.java.command" value="/Users/cycevelyn/Desktop/appworks/Back-End-Class-Tech-Academy/stylish/STYLiSH/target/surefire/surefirebooter-20240807121006514_3.jar /Users/cycevelyn/Desktop/appworks/Back-End-Class-Tech-Academy/stylish/STYLiSH/target/surefire 2024-08-07T12-10-06_476-jvmRun1 surefire-20240807121006514_1tmp surefire_0-20240807121006514_2tmp"/>
    <property name="http.nonProxyHosts" value="local|*.local|169.254/16|*.169.254/16"/>
=======
    <property name="sun.boot.library.path" value="C:\Program Files\Java\jdk-17\bin"/>
    <property name="sun.java.command" value="C:\Users\USER\AppData\Local\Temp\surefire10465313563281902314\surefirebooter-20240807063010443_3.jar C:\Users\USER\AppData\Local\Temp\surefire10465313563281902314 2024-08-07T06-30-09_970-jvmRun1 surefire-20240807063010443_1tmp surefire_0-20240807063010443_2tmp"/>
>>>>>>> week_2_part_5
    <property name="jdk.debug" value="release"/>
    <property name="surefire.test.class.path" value="/Users/cycevelyn/Desktop/appworks/Back-End-Class-Tech-Academy/stylish/STYLiSH/target/test-classes:/Users/cycevelyn/Desktop/appworks/Back-End-Class-Tech-Academy/stylish/STYLiSH/target/classes:/Users/cycevelyn/.m2/repository/org/springframework/boot/spring-boot-starter-data-redis/3.2.2/spring-boot-starter-data-redis-3.2.2.jar:/Users/cycevelyn/.m2/repository/org/springframework/boot/spring-boot-starter/3.3.2/spring-boot-starter-3.3.2.jar:/Users/cycevelyn/.m2/repository/org/springframework/boot/spring-boot/3.3.2/spring-boot-3.3.2.jar:/Users/cycevelyn/.m2/repository/org/springframework/boot/spring-boot-autoconfigure/3.3.2/spring-boot-autoconfigure-3.3.2.jar:/Users/cycevelyn/.m2/repository/org/springframework/boot/spring-boot-starter-logging/3.3.2/spring-boot-starter-logging-3.3.2.jar:/Users/cycevelyn/.m2/repository/ch/qos/logback/logback-classic/1.5.6/logback-classic-1.5.6.jar:/Users/cycevelyn/.m2/repository/ch/qos/logback/logback-core/1.5.6/logback-core-1.5.6.jar:/Users/cycevelyn/.m2/repository/org/apache/logging/log4j/log4j-to-slf4j/2.23.1/log4j-to-slf4j-2.23.1.jar:/Users/cycevelyn/.m2/repository/org/apache/logging/log4j/log4j-api/2.23.1/log4j-api-2.23.1.jar:/Users/cycevelyn/.m2/repository/org/slf4j/jul-to-slf4j/2.0.13/jul-to-slf4j-2.0.13.jar:/Users/cycevelyn/.m2/repository/jakarta/annotation/jakarta.annotation-api/2.1.1/jakarta.annotation-api-2.1.1.jar:/Users/cycevelyn/.m2/repository/org/yaml/snakeyaml/2.2/snakeyaml-2.2.jar:/Users/cycevelyn/.m2/repository/io/lettuce/lettuce-core/6.3.2.RELEASE/lettuce-core-6.3.2.RELEASE.jar:/Users/cycevelyn/.m2/repository/io/netty/netty-common/4.1.111.Final/netty-common-4.1.111.Final.jar:/Users/cycevelyn/.m2/repository/io/netty/netty-handler/4.1.111.Final/netty-handler-4.1.111.Final.jar:/Users/cycevelyn/.m2/repository/io/netty/netty-resolver/4.1.111.Final/netty-resolver-4.1.111.Final.jar:/Users/cycevelyn/.m2/repository/io/netty/netty-buffer/4.1.111.Final/netty-buffer-4.1.111.Final.jar:/Users/cycevelyn/.m2/repository/io/netty/netty-transport-native-unix-common/4.1.111.Final/netty-transport-native-unix-common-4.1.111.Final.jar:/Users/cycevelyn/.m2/repository/io/netty/netty-codec/4.1.111.Final/netty-codec-4.1.111.Final.jar:/Users/cycevelyn/.m2/repository/io/netty/netty-transport/4.1.111.Final/netty-transport-4.1.111.Final.jar:/Users/cycevelyn/.m2/repository/io/projectreactor/reactor-core/3.6.8/reactor-core-3.6.8.jar:/Users/cycevelyn/.m2/repository/org/reactivestreams/reactive-streams/1.0.4/reactive-streams-1.0.4.jar:/Users/cycevelyn/.m2/repository/org/springframework/data/spring-data-redis/3.3.2/spring-data-redis-3.3.2.jar:/Users/cycevelyn/.m2/repository/org/springframework/data/spring-data-keyvalue/3.3.2/spring-data-keyvalue-3.3.2.jar:/Users/cycevelyn/.m2/repository/org/springframework/data/spring-data-commons/3.3.2/spring-data-commons-3.3.2.jar:/Users/cycevelyn/.m2/repository/org/springframework/spring-tx/6.1.11/spring-tx-6.1.11.jar:/Users/cycevelyn/.m2/repository/org/springframework/spring-oxm/6.1.11/spring-oxm-6.1.11.jar:/Users/cycevelyn/.m2/repository/org/springframework/spring-context-support/6.1.11/spring-context-support-6.1.11.jar:/Users/cycevelyn/.m2/repository/org/slf4j/slf4j-api/2.0.13/slf4j-api-2.0.13.jar:/Users/cycevelyn/.m2/repository/jakarta/xml/bind/jakarta.xml.bind-api/4.0.2/jakarta.xml.bind-api-4.0.2.jar:/Users/cycevelyn/.m2/repository/jakarta/activation/jakarta.activation-api/2.1.3/jakarta.activation-api-2.1.3.jar:/Users/cycevelyn/.m2/repository/org/glassfish/jaxb/jaxb-runtime/3.0.2/jaxb-runtime-3.0.2.jar:/Users/cycevelyn/.m2/repository/com/sun/activation/jakarta.activation/2.0.1/jakarta.activation-2.0.1.jar:/Users/cycevelyn/.m2/repository/org/glassfish/jaxb/jaxb-core/4.0.5/jaxb-core-4.0.5.jar:/Users/cycevelyn/.m2/repository/org/eclipse/angus/angus-activation/2.0.2/angus-activation-2.0.2.jar:/Users/cycevelyn/.m2/repository/org/glassfish/jaxb/txw2/4.0.5/txw2-4.0.5.jar:/Users/cycevelyn/.m2/repository/com/sun/istack/istack-commons-runtime/4.1.2/istack-commons-runtime-4.1.2.jar:/Users/cycevelyn/.m2/repository/org/springframework/boot/spring-boot-starter-web/3.3.2/spring-boot-starter-web-3.3.2.jar:/Users/cycevelyn/.m2/repository/org/springframework/boot/spring-boot-starter-json/3.3.2/spring-boot-starter-json-3.3.2.jar:/Users/cycevelyn/.m2/repository/com/fasterxml/jackson/datatype/jackson-datatype-jdk8/2.17.2/jackson-datatype-jdk8-2.17.2.jar:/Users/cycevelyn/.m2/repository/com/fasterxml/jackson/datatype/jackson-datatype-jsr310/2.17.2/jackson-datatype-jsr310-2.17.2.jar:/Users/cycevelyn/.m2/repository/com/fasterxml/jackson/module/jackson-module-parameter-names/2.17.2/jackson-module-parameter-names-2.17.2.jar:/Users/cycevelyn/.m2/repository/org/springframework/boot/spring-boot-starter-tomcat/3.3.2/spring-boot-starter-tomcat-3.3.2.jar:/Users/cycevelyn/.m2/repository/org/apache/tomcat/embed/tomcat-embed-core/10.1.26/tomcat-embed-core-10.1.26.jar:/Users/cycevelyn/.m2/repository/org/apache/tomcat/embed/tomcat-embed-el/10.1.26/tomcat-embed-el-10.1.26.jar:/Users/cycevelyn/.m2/repository/org/apache/tomcat/embed/tomcat-embed-websocket/10.1.26/tomcat-embed-websocket-10.1.26.jar:/Users/cycevelyn/.m2/repository/org/springframework/spring-web/6.1.11/spring-web-6.1.11.jar:/Users/cycevelyn/.m2/repository/org/springframework/spring-beans/6.1.11/spring-beans-6.1.11.jar:/Users/cycevelyn/.m2/repository/io/micrometer/micrometer-observation/1.13.2/micrometer-observation-1.13.2.jar:/Users/cycevelyn/.m2/repository/io/micrometer/micrometer-commons/1.13.2/micrometer-commons-1.13.2.jar:/Users/cycevelyn/.m2/repository/org/springframework/spring-webmvc/6.1.11/spring-webmvc-6.1.11.jar:/Users/cycevelyn/.m2/repository/org/springframework/spring-context/6.1.11/spring-context-6.1.11.jar:/Users/cycevelyn/.m2/repository/org/springframework/spring-expression/6.1.11/spring-expression-6.1.11.jar:/Users/cycevelyn/.m2/repository/org/springframework/boot/spring-boot-starter-jdbc/3.3.2/spring-boot-starter-jdbc-3.3.2.jar:/Users/cycevelyn/.m2/repository/com/zaxxer/HikariCP/5.1.0/HikariCP-5.1.0.jar:/Users/cycevelyn/.m2/repository/org/springframework/spring-jdbc/6.1.11/spring-jdbc-6.1.11.jar:/Users/cycevelyn/.m2/repository/com/mysql/mysql-connector-j/8.3.0/mysql-connector-j-8.3.0.jar:/Users/cycevelyn/.m2/repository/com/microsoft/sqlserver/mssql-jdbc/12.6.3.jre11/mssql-jdbc-12.6.3.jre11.jar:/Users/cycevelyn/.m2/repository/org/springframework/boot/spring-boot-starter-security/3.3.2/spring-boot-starter-security-3.3.2.jar:/Users/cycevelyn/.m2/repository/org/springframework/spring-aop/6.1.11/spring-aop-6.1.11.jar:/Users/cycevelyn/.m2/repository/org/springframework/security/spring-security-config/6.3.1/spring-security-config-6.3.1.jar:/Users/cycevelyn/.m2/repository/org/springframework/security/spring-security-core/6.3.1/spring-security-core-6.3.1.jar:/Users/cycevelyn/.m2/repository/org/springframework/security/spring-security-crypto/6.3.1/spring-security-crypto-6.3.1.jar:/Users/cycevelyn/.m2/repository/org/springframework/security/spring-security-web/6.3.1/spring-security-web-6.3.1.jar:/Users/cycevelyn/.m2/repository/io/jsonwebtoken/jjwt-api/0.11.5/jjwt-api-0.11.5.jar:/Users/cycevelyn/.m2/repository/io/jsonwebtoken/jjwt-impl/0.11.5/jjwt-impl-0.11.5.jar:/Users/cycevelyn/.m2/repository/io/jsonwebtoken/jjwt-jackson/0.11.5/jjwt-jackson-0.11.5.jar:/Users/cycevelyn/.m2/repository/com/fasterxml/jackson/core/jackson-databind/2.14.2/jackson-databind-2.14.2.jar:/Users/cycevelyn/.m2/repository/com/fasterxml/jackson/core/jackson-annotations/2.17.2/jackson-annotations-2.17.2.jar:/Users/cycevelyn/.m2/repository/com/fasterxml/jackson/core/jackson-core/2.17.2/jackson-core-2.17.2.jar:/Users/cycevelyn/.m2/repository/org/springframework/boot/spring-boot-starter-test/3.3.2/spring-boot-starter-test-3.3.2.jar:/Users/cycevelyn/.m2/repository/org/springframework/boot/spring-boot-test/3.3.2/spring-boot-test-3.3.2.jar:/Users/cycevelyn/.m2/repository/org/springframework/boot/spring-boot-test-autoconfigure/3.3.2/spring-boot-test-autoconfigure-3.3.2.jar:/Users/cycevelyn/.m2/repository/com/jayway/jsonpath/json-path/2.9.0/json-path-2.9.0.jar:/Users/cycevelyn/.m2/repository/net/minidev/json-smart/2.5.1/json-smart-2.5.1.jar:/Users/cycevelyn/.m2/repository/net/minidev/accessors-smart/2.5.1/accessors-smart-2.5.1.jar:/Users/cycevelyn/.m2/repository/org/ow2/asm/asm/9.6/asm-9.6.jar:/Users/cycevelyn/.m2/repository/org/assertj/assertj-core/3.25.3/assertj-core-3.25.3.jar:/Users/cycevelyn/.m2/repository/net/bytebuddy/byte-buddy/1.14.18/byte-buddy-1.14.18.jar:/Users/cycevelyn/.m2/repository/org/awaitility/awaitility/4.2.1/awaitility-4.2.1.jar:/Users/cycevelyn/.m2/repository/org/hamcrest/hamcrest/2.2/hamcrest-2.2.jar:/Users/cycevelyn/.m2/repository/org/junit/jupiter/junit-jupiter/5.10.3/junit-jupiter-5.10.3.jar:/Users/cycevelyn/.m2/repository/org/junit/jupiter/junit-jupiter-api/5.10.3/junit-jupiter-api-5.10.3.jar:/Users/cycevelyn/.m2/repository/org/opentest4j/opentest4j/1.3.0/opentest4j-1.3.0.jar:/Users/cycevelyn/.m2/repository/org/junit/platform/junit-platform-commons/1.10.3/junit-platform-commons-1.10.3.jar:/Users/cycevelyn/.m2/repository/org/apiguardian/apiguardian-api/1.1.2/apiguardian-api-1.1.2.jar:/Users/cycevelyn/.m2/repository/org/junit/jupiter/junit-jupiter-params/5.10.3/junit-jupiter-params-5.10.3.jar:/Users/cycevelyn/.m2/repository/org/junit/jupiter/junit-jupiter-engine/5.10.3/junit-jupiter-engine-5.10.3.jar:/Users/cycevelyn/.m2/repository/org/junit/platform/junit-platform-engine/1.10.3/junit-platform-engine-1.10.3.jar:/Users/cycevelyn/.m2/repository/org/mockito/mockito-core/5.11.0/mockito-core-5.11.0.jar:/Users/cycevelyn/.m2/repository/net/bytebuddy/byte-buddy-agent/1.14.18/byte-buddy-agent-1.14.18.jar:/Users/cycevelyn/.m2/repository/org/objenesis/objenesis/3.3/objenesis-3.3.jar:/Users/cycevelyn/.m2/repository/org/mockito/mockito-junit-jupiter/5.11.0/mockito-junit-jupiter-5.11.0.jar:/Users/cycevelyn/.m2/repository/org/skyscreamer/jsonassert/1.5.3/jsonassert-1.5.3.jar:/Users/cycevelyn/.m2/repository/com/vaadin/external/google/android-json/0.0.20131108.vaadin1/android-json-0.0.20131108.vaadin1.jar:/Users/cycevelyn/.m2/repository/org/springframework/spring-core/6.1.11/spring-core-6.1.11.jar:/Users/cycevelyn/.m2/repository/org/springframework/spring-jcl/6.1.11/spring-jcl-6.1.11.jar:/Users/cycevelyn/.m2/repository/org/springframework/spring-test/6.1.11/spring-test-6.1.11.jar:/Users/cycevelyn/.m2/repository/org/xmlunit/xmlunit-core/2.9.1/xmlunit-core-2.9.1.jar:"/>
    <property name="sun.cpu.endian" value="little"/>
    <property name="user.home" value="/Users/cycevelyn"/>
    <property name="user.language" value="zh"/>
    <property name="java.specification.vendor" value="Oracle Corporation"/>
    <property name="java.version.date" value="2024-07-16"/>
    <property name="java.home" value="/Users/cycevelyn/Library/Java/JavaVirtualMachines/corretto-17.0.12/Contents/Home"/>
    <property name="file.separator" value="/"/>
    <property name="basedir" value="/Users/cycevelyn/Desktop/appworks/Back-End-Class-Tech-Academy/stylish/STYLiSH"/>
    <property name="java.vm.compressedOopsMode" value="Zero based"/>
    <property name="line.separator" value="&#10;"/>
    <property name="java.vm.specification.vendor" value="Oracle Corporation"/>
    <property name="java.specification.name" value="Java Platform API Specification"/>
    <property name="FILE_LOG_CHARSET" value="UTF-8"/>
    <property name="java.awt.headless" value="true"/>
<<<<<<< HEAD
    <property name="surefire.real.class.path" value="/Users/cycevelyn/Desktop/appworks/Back-End-Class-Tech-Academy/stylish/STYLiSH/target/surefire/surefirebooter-20240807121006514_3.jar"/>
    <property name="user.script" value="Hant"/>
=======
    <property name="surefire.real.class.path" value="C:\Users\USER\AppData\Local\Temp\surefire10465313563281902314\surefirebooter-20240807063010443_3.jar"/>
    <property name="user.script" value=""/>
>>>>>>> week_2_part_5
    <property name="sun.management.compiler" value="HotSpot 64-Bit Tiered Compilers"/>
    <property name="ftp.nonProxyHosts" value="local|*.local|169.254/16|*.169.254/16"/>
    <property name="java.runtime.version" value="17.0.12+7-LTS"/>
    <property name="user.name" value="cycevelyn"/>
    <property name="path.separator" value=":"/>
    <property name="os.version" value="14.5"/>
    <property name="java.runtime.name" value="OpenJDK Runtime Environment"/>
    <property name="file.encoding" value="UTF-8"/>
    <property name="java.vm.name" value="OpenJDK 64-Bit Server VM"/>
    <property name="java.vendor.version" value="Corretto-17.0.12.7.1"/>
    <property name="localRepository" value="/Users/cycevelyn/.m2/repository"/>
    <property name="java.vendor.url.bug" value="https://github.com/corretto/corretto-17/issues/"/>
    <property name="java.io.tmpdir" value="/var/folders/sz/mmlyf4ks2wn6lxbykhrjj9b40000gn/T/"/>
    <property name="java.version" value="17.0.12"/>
    <property name="user.dir" value="/Users/cycevelyn/Desktop/appworks/Back-End-Class-Tech-Academy/stylish/STYLiSH"/>
    <property name="os.arch" value="aarch64"/>
    <property name="java.vm.specification.name" value="Java Virtual Machine Specification"/>
<<<<<<< HEAD
    <property name="PID" value="21140"/>
=======
    <property name="PID" value="24704"/>
    <property name="sun.os.patch.level" value=""/>
>>>>>>> week_2_part_5
    <property name="CONSOLE_LOG_CHARSET" value="UTF-8"/>
    <property name="native.encoding" value="UTF-8"/>
    <property name="java.library.path" value="/Users/cycevelyn/Library/Java/Extensions:/Library/Java/Extensions:/Network/Library/Java/Extensions:/System/Library/Java/Extensions:/usr/lib/java:."/>
    <property name="java.vm.info" value="mixed mode, sharing"/>
    <property name="java.vendor" value="Amazon.com Inc."/>
    <property name="java.vm.version" value="17.0.12+7-LTS"/>
    <property name="sun.io.unicode.encoding" value="UnicodeBig"/>
    <property name="socksNonProxyHosts" value="local|*.local|169.254/16|*.169.254/16"/>
    <property name="java.class.version" value="61.0"/>
    <property name="LOGGED_APPLICATION_NAME" value="[STYLiSH] "/>
  </properties>
<<<<<<< HEAD
  <testcase name="contextLoads" classname="com.example.stylish.StyLiShApplicationTests" time="0.325">
    <system-out><![CDATA[12:10:06.787 [main] INFO org.springframework.test.context.support.AnnotationConfigContextLoaderUtils -- Could not detect default configuration classes for test class [com.example.stylish.StyLiShApplicationTests]: StyLiShApplicationTests does not declare any static, non-private, non-final, nested classes annotated with @Configuration.
12:10:06.821 [main] INFO org.springframework.boot.test.context.SpringBootTestContextBootstrapper -- Found @SpringBootConfiguration com.example.stylish.StyLiShApplication for test class com.example.stylish.StyLiShApplicationTests
=======
  <testcase name="contextLoads" classname="com.example.stylish.StyLiShApplicationTests" time="1.297">
    <system-out><![CDATA[06:30:11.608 [main] INFO org.springframework.test.context.support.AnnotationConfigContextLoaderUtils -- Could not detect default configuration classes for test class [com.example.stylish.StyLiShApplicationTests]: StyLiShApplicationTests does not declare any static, non-private, non-final, nested classes annotated with @Configuration.
06:30:11.815 [main] INFO org.springframework.boot.test.context.SpringBootTestContextBootstrapper -- Found @SpringBootConfiguration com.example.stylish.StyLiShApplication for test class com.example.stylish.StyLiShApplicationTests
>>>>>>> week_2_part_5

  .   ____          _            __ _ _
 /\\ / ___'_ __ _ _(_)_ __  __ _ \ \ \ \
( ( )\___ | '_ | '_| | '_ \/ _` | \ \ \ \
 \\/  ___)| |_)| | | | | || (_| |  ) ) ) )
  '  |____| .__|_| |_|_| |_\__, | / / / /
 =========|_|==============|___/=/_/_/_/

 :: Spring Boot ::                (v3.3.2)

<<<<<<< HEAD
2024-08-07T12:10:06.929+08:00  INFO 21140 --- [STYLiSH] [           main] c.e.stylish.StyLiShApplicationTests      : Starting StyLiShApplicationTests using Java 17.0.12 with PID 21140 (started by cycevelyn in /Users/cycevelyn/Desktop/appworks/Back-End-Class-Tech-Academy/stylish/STYLiSH)
2024-08-07T12:10:06.930+08:00 DEBUG 21140 --- [STYLiSH] [           main] c.e.stylish.StyLiShApplicationTests      : Running with Spring Boot v3.3.2, Spring v6.1.11
2024-08-07T12:10:06.930+08:00  INFO 21140 --- [STYLiSH] [           main] c.e.stylish.StyLiShApplicationTests      : No active profile set, falling back to 1 default profile: "default"
2024-08-07T12:10:07.139+08:00  INFO 21140 --- [STYLiSH] [           main] .s.d.r.c.RepositoryConfigurationDelegate : Multiple Spring Data modules found, entering strict repository configuration mode
2024-08-07T12:10:07.140+08:00  INFO 21140 --- [STYLiSH] [           main] .s.d.r.c.RepositoryConfigurationDelegate : Bootstrapping Spring Data Redis repositories in DEFAULT mode.
2024-08-07T12:10:07.151+08:00  INFO 21140 --- [STYLiSH] [           main] .s.d.r.c.RepositoryConfigurationDelegate : Finished Spring Data repository scanning in 6 ms. Found 0 Redis repository interfaces.
2024-08-07T12:10:07.444+08:00  INFO 21140 --- [STYLiSH] [           main] r$InitializeUserDetailsManagerConfigurer : Global AuthenticationManager configured with UserDetailsService bean with name customUserDetailsService
2024-08-07T12:10:07.475+08:00  INFO 21140 --- [STYLiSH] [           main] o.s.b.a.w.s.WelcomePageHandlerMapping    : Adding welcome page: class path resource [static/index.html]
2024-08-07T12:10:07.681+08:00  INFO 21140 --- [STYLiSH] [           main] c.e.stylish.StyLiShApplicationTests      : Started StyLiShApplicationTests in 0.823 seconds (process running for 1.121)
=======
2024-08-07T06:30:12.673+08:00  INFO 24704 --- [STYLiSH] [           main] c.e.stylish.StyLiShApplicationTests      : Starting StyLiShApplicationTests using Java 17.0.11 with PID 24704 (started by USER in C:\Users\USER\Desktop\appworks\Back-End-Class-Tech-Academy\stylish\STYLiSH)
2024-08-07T06:30:12.673+08:00 DEBUG 24704 --- [STYLiSH] [           main] c.e.stylish.StyLiShApplicationTests      : Running with Spring Boot v3.3.2, Spring v6.1.11
2024-08-07T06:30:12.673+08:00  INFO 24704 --- [STYLiSH] [           main] c.e.stylish.StyLiShApplicationTests      : No active profile set, falling back to 1 default profile: "default"
2024-08-07T06:30:15.367+08:00  INFO 24704 --- [STYLiSH] [           main] r$InitializeUserDetailsManagerConfigurer : Global AuthenticationManager configured with UserDetailsService bean with name customUserDetailsService
2024-08-07T06:30:15.500+08:00  INFO 24704 --- [STYLiSH] [           main] o.s.b.a.w.s.WelcomePageHandlerMapping    : Adding welcome page: class path resource [static/index.html]
2024-08-07T06:30:16.324+08:00  INFO 24704 --- [STYLiSH] [           main] c.e.stylish.StyLiShApplicationTests      : Started StyLiShApplicationTests in 4.184 seconds (process running for 5.673)
>>>>>>> week_2_part_5
]]></system-out>
  </testcase>
</testsuite>